<?xml version='1.0' encoding='utf-8'?>
<coverage version="stdlib-trace-1" timestamp="1788062842" branches-covered="0" branches-valid="0" branch-rate="0" complexity="0" lines-covered="494" lines-valid="1301" line-rate="0.379708">
  <sources>
    <source>.</source>
  </sources>
  <packages>
    <package name="caixiao.backend" branch-rate="0" complexity="0" line-rate="0.379708">
      <classes>
        <class name="caixiao.backend.__init__" filename="caixiao/backend/__init__.py" branch-rate="0" complexity="0" line-rate="0.000000">
          <methods />
          <lines>
            <line number="1" hits="0" branch="false" />
            <line number="3" hits="0" branch="false" />
          </lines>
        </class>
        <class name="caixiao.backend.adapters.__init__" filename="caixiao/backend/adapters/__init__.py" branch-rate="0" complexity="0" line-rate="0.000000">
          <methods />
          <lines>
            <line number="1" hits="0" branch="false" />
          </lines>
        </class>
        <class name="caixiao.backend.adapters.jikexyun" filename="caixiao/backend/adapters/jikexyun.py" branch-rate="0" complexity="0" line-rate="0.526316">
          <methods />
          <lines>
            <line number="1" hits="0" branch="false" />
            <line number="3" hits="0" branch="false" />
            <line number="4" hits="0" branch="false" />
            <line number="5" hits="0" branch="false" />
            <line number="8" hits="0" branch="false" />
            <line number="9" hits="0" branch="false" />
            <line number="17" hits="0" branch="false" />
            <line number="18" hits="0" branch="false" />
            <line number="19" hits="3" branch="false" />
            <line number="21" hits="0" branch="false" />
            <line number="22" hits="2" branch="false" />
            <line number="23" hits="10" branch="false" />
            <line number="24" hits="8" branch="false" />
            <line number="25" hits="8" branch="false" />
            <line number="26" hits="8" branch="false" />
            <line number="27" hits="8" branch="false" />
            <line number="28" hits="8" branch="false" />
            <line number="29" hits="8" branch="false" />
            <line number="30" hits="8" branch="false" />
            <line number="31" hits="8" branch="false" />
            <line number="32" hits="8" branch="false" />
            <line number="33" hits="8" branch="false" />
            <line number="34" hits="16" branch="false" />
            <line number="61" hits="2" branch="false" />
            <line number="63" hits="0" branch="false" />
            <line number="64" hits="2" branch="false" />
            <line number="65" hits="1" branch="false" />
            <line number="66" hits="6" branch="false" />
            <line number="67" hits="1" branch="false" />
            <line number="68" hits="1" branch="false" />
            <line number="69" hits="0" branch="false" />
            <line number="72" hits="0" branch="false" />
            <line number="73" hits="0" branch="false" />
            <line number="74" hits="0" branch="false" />
            <line number="75" hits="0" branch="false" />
            <line number="76" hits="0" branch="false" />
            <line number="77" hits="0" branch="false" />
            <line number="78" hits="0" branch="false" />
          </lines>
        </class>
        <class name="caixiao.backend.adapters.snapshot" filename="caixiao/backend/adapters/snapshot.py" branch-rate="0" complexity="0" line-rate="0.500000">
          <methods />
          <lines>
            <line number="1" hits="0" branch="false" />
            <line number="3" hits="0" branch="false" />
            <line number="4" hits="0" branch="false" />
            <line number="5" hits="0" branch="false" />
            <line number="6" hits="0" branch="false" />
            <line number="9" hits="0" branch="false" />
            <line number="15" hits="0" branch="false" />
            <line number="16" hits="0" branch="false" />
            <line number="17" hits="3" branch="false" />
            <line number="19" hits="0" branch="false" />
            <line number="20" hits="2" branch="false" />
            <line number="27" hits="2" branch="false" />
            <line number="28" hits="1" branch="false" />
            <line number="29" hits="1" branch="false" />
            <line number="30" hits="10" branch="false" />
            <line number="31" hits="3" branch="false" />
            <line number="32" hits="2" branch="false" />
            <line number="33" hits="0" branch="false" />
            <line number="34" hits="1" branch="false" />
            <line number="35" hits="1" branch="false" />
            <line number="36" hits="1" branch="false" />
            <line number="38" hits="0" branch="false" />
            <line number="41" hits="0" branch="false" />
            <line number="42" hits="1" branch="false" />
            <line number="43" hits="1" branch="false" />
            <line number="44" hits="2" branch="false" />
            <line number="47" hits="0" branch="false" />
            <line number="48" hits="0" branch="false" />
            <line number="49" hits="0" branch="false" />
            <line number="51" hits="0" branch="false" />
            <line number="52" hits="0" branch="false" />
            <line number="53" hits="2" branch="false" />
            <line number="63" hits="1" branch="false" />
            <line number="64" hits="1" branch="false" />
          </lines>
        </class>
        <class name="caixiao.backend.app" filename="caixiao/backend/app.py" branch-rate="0" complexity="0" line-rate="0.031818">
          <methods />
          <lines>
            <line number="1" hits="0" branch="false" />
            <line number="3" hits="0" branch="false" />
            <line number="4" hits="0" branch="false" />
            <line number="5" hits="0" branch="false" />
            <line number="6" hits="0" branch="false" />
            <line number="7" hits="0" branch="false" />
            <line number="8" hits="0" branch="false" />
            <line number="9" hits="0" branch="false" />
            <line number="10" hits="0" branch="false" />
            <line number="11" hits="0" branch="false" />
            <line number="12" hits="0" branch="false" />
            <line number="14" hits="0" branch="false" />
            <line number="15" hits="0" branch="false" />
            <line number="16" hits="0" branch="false" />
            <line number="17" hits="0" branch="false" />
            <line number="18" hits="0" branch="false" />
            <line number="19" hits="0" branch="false" />
            <line number="25" hits="0" branch="false" />
            <line number="26" hits="0" branch="false" />
            <line number="27" hits="0" branch="false" />
            <line number="28" hits="0" branch="false" />
            <line number="31" hits="0" branch="false" />
            <line number="32" hits="0" branch="false" />
            <line number="33" hits="0" branch="false" />
            <line number="36" hits="0" branch="false" />
            <line number="37" hits="0" branch="false" />
            <line number="38" hits="1" branch="false" />
            <line number="39" hits="1" branch="false" />
            <line number="40" hits="2" branch="false" />
            <line number="43" hits="1" branch="false" />
            <line number="44" hits="1" branch="false" />
            <line number="45" hits="1" branch="false" />
            <line number="46" hits="1" branch="false" />
            <line number="47" hits="1" branch="false" />
            <line number="49" hits="0" branch="false" />
            <line number="50" hits="1" branch="false" />
            <line number="52" hits="0" branch="false" />
            <line number="53" hits="0" branch="false" />
            <line number="54" hits="0" branch="false" />
            <line number="55" hits="0" branch="false" />
            <line number="56" hits="0" branch="false" />
            <line number="57" hits="0" branch="false" />
            <line number="58" hits="0" branch="false" />
            <line number="60" hits="0" branch="false" />
            <line number="61" hits="0" branch="false" />
            <line number="62" hits="0" branch="false" />
            <line number="63" hits="0" branch="false" />
            <line number="64" hits="0" branch="false" />
            <line number="66" hits="0" branch="false" />
            <line number="67" hits="0" branch="false" />
            <line number="70" hits="0" branch="false" />
            <line number="71" hits="0" branch="false" />
            <line number="72" hits="1" branch="false" />
            <line number="73" hits="1" branch="false" />
            <line number="76" hits="0" branch="false" />
            <line number="77" hits="0" branch="false" />
            <line number="80" hits="0" branch="false" />
            <line number="81" hits="0" branch="false" />
            <line number="83" hits="0" branch="false" />
            <line number="85" hits="0" branch="false" />
            <line number="87" hits="0" branch="false" />
            <line number="88" hits="0" branch="false" />
            <line number="89" hits="0" branch="false" />
            <line number="90" hits="0" branch="false" />
            <line number="91" hits="0" branch="false" />
            <line number="95" hits="0" branch="false" />
            <line number="96" hits="0" branch="false" />
            <line number="97" hits="0" branch="false" />
            <line number="98" hits="0" branch="false" />
            <line number="99" hits="0" branch="false" />
            <line number="100" hits="0" branch="false" />
            <line number="102" hits="0" branch="false" />
            <line number="108" hits="0" branch="false" />
            <line number="109" hits="0" branch="false" />
            <line number="110" hits="0" branch="false" />
            <line number="111" hits="0" branch="false" />
            <line number="112" hits="0" branch="false" />
            <line number="113" hits="0" branch="false" />
            <line number="114" hits="0" branch="false" />
            <line number="115" hits="0" branch="false" />
            <line number="116" hits="0" branch="false" />
            <line number="118" hits="0" branch="false" />
            <line number="119" hits="0" branch="false" />
            <line number="120" hits="0" branch="false" />
            <line number="121" hits="0" branch="false" />
            <line number="122" hits="0" branch="false" />
            <line number="123" hits="0" branch="false" />
            <line number="124" hits="0" branch="false" />
            <line number="125" hits="0" branch="false" />
            <line number="126" hits="0" branch="false" />
            <line number="127" hits="0" branch="false" />
            <line number="128" hits="0" branch="false" />
            <line number="129" hits="0" branch="false" />
            <line number="131" hits="0" branch="false" />
            <line number="132" hits="0" branch="false" />
            <line number="133" hits="0" branch="false" />
            <line number="135" hits="0" branch="false" />
            <line number="136" hits="0" branch="false" />
            <line number="137" hits="0" branch="false" />
            <line number="138" hits="0" branch="false" />
            <line number="139" hits="0" branch="false" />
            <line number="140" hits="0" branch="false" />
            <line number="142" hits="0" branch="false" />
            <line number="144" hits="0" branch="false" />
            <line number="145" hits="0" branch="false" />
            <line number="146" hits="0" branch="false" />
            <line number="147" hits="0" branch="false" />
            <line number="148" hits="0" branch="false" />
            <line number="149" hits="0" branch="false" />
            <line number="150" hits="0" branch="false" />
            <line number="151" hits="0" branch="false" />
            <line number="152" hits="0" branch="false" />
            <line number="153" hits="0" branch="false" />
            <line number="154" hits="0" branch="false" />
            <line number="156" hits="0" branch="false" />
            <line number="157" hits="0" branch="false" />
            <line number="159" hits="0" branch="false" />
            <line number="160" hits="0" branch="false" />
            <line number="161" hits="0" branch="false" />
            <line number="162" hits="0" branch="false" />
            <line number="163" hits="0" branch="false" />
            <line number="164" hits="0" branch="false" />
            <line number="165" hits="0" branch="false" />
            <line number="166" hits="0" branch="false" />
            <line number="169" hits="0" branch="false" />
            <line number="170" hits="0" branch="false" />
            <line number="171" hits="0" branch="false" />
            <line number="172" hits="0" branch="false" />
            <line number="173" hits="0" branch="false" />
            <line number="174" hits="0" branch="false" />
            <line number="176" hits="0" branch="false" />
            <line number="177" hits="0" branch="false" />
            <line number="178" hits="0" branch="false" />
            <line number="179" hits="0" branch="false" />
            <line number="180" hits="0" branch="false" />
            <line number="181" hits="0" branch="false" />
            <line number="182" hits="0" branch="false" />
            <line number="183" hits="0" branch="false" />
            <line number="184" hits="0" branch="false" />
            <line number="186" hits="0" branch="false" />
            <line number="187" hits="0" branch="false" />
            <line number="188" hits="0" branch="false" />
            <line number="189" hits="0" branch="false" />
            <line number="190" hits="0" branch="false" />
            <line number="191" hits="0" branch="false" />
            <line number="192" hits="0" branch="false" />
            <line number="193" hits="0" branch="false" />
            <line number="194" hits="0" branch="false" />
            <line number="195" hits="0" branch="false" />
            <line number="197" hits="0" branch="false" />
            <line number="198" hits="0" branch="false" />
            <line number="199" hits="0" branch="false" />
            <line number="200" hits="0" branch="false" />
            <line number="201" hits="0" branch="false" />
            <line number="202" hits="0" branch="false" />
            <line number="203" hits="0" branch="false" />
            <line number="204" hits="0" branch="false" />
            <line number="205" hits="0" branch="false" />
            <line number="206" hits="0" branch="false" />
            <line number="207" hits="0" branch="false" />
            <line number="208" hits="0" branch="false" />
            <line number="209" hits="0" branch="false" />
            <line number="210" hits="0" branch="false" />
            <line number="211" hits="0" branch="false" />
            <line number="212" hits="0" branch="false" />
            <line number="213" hits="0" branch="false" />
            <line number="214" hits="0" branch="false" />
            <line number="215" hits="0" branch="false" />
            <line number="224" hits="0" branch="false" />
            <line number="225" hits="0" branch="false" />
            <line number="226" hits="0" branch="false" />
            <line number="227" hits="0" branch="false" />
            <line number="228" hits="0" branch="false" />
            <line number="237" hits="0" branch="false" />
            <line number="238" hits="0" branch="false" />
            <line number="239" hits="0" branch="false" />
            <line number="240" hits="0" branch="false" />
            <line number="241" hits="0" branch="false" />
            <line number="242" hits="0" branch="false" />
            <line number="243" hits="0" branch="false" />
            <line number="244" hits="0" branch="false" />
            <line number="246" hits="0" branch="false" />
            <line number="247" hits="0" branch="false" />
            <line number="248" hits="0" branch="false" />
            <line number="249" hits="0" branch="false" />
            <line number="251" hits="0" branch="false" />
            <line number="254" hits="0" branch="false" />
            <line number="255" hits="0" branch="false" />
            <line number="256" hits="0" branch="false" />
            <line number="257" hits="0" branch="false" />
            <line number="275" hits="0" branch="false" />
            <line number="276" hits="0" branch="false" />
            <line number="277" hits="0" branch="false" />
            <line number="278" hits="0" branch="false" />
            <line number="279" hits="0" branch="false" />
            <line number="280" hits="0" branch="false" />
            <line number="281" hits="0" branch="false" />
            <line number="282" hits="0" branch="false" />
            <line number="283" hits="0" branch="false" />
            <line number="284" hits="0" branch="false" />
            <line number="285" hits="0" branch="false" />
            <line number="286" hits="0" branch="false" />
            <line number="287" hits="0" branch="false" />
            <line number="288" hits="0" branch="false" />
            <line number="289" hits="0" branch="false" />
            <line number="290" hits="0" branch="false" />
            <line number="291" hits="0" branch="false" />
            <line number="292" hits="0" branch="false" />
            <line number="293" hits="0" branch="false" />
            <line number="294" hits="0" branch="false" />
            <line number="295" hits="0" branch="false" />
            <line number="296" hits="0" branch="false" />
            <line number="297" hits="0" branch="false" />
            <line number="298" hits="0" branch="false" />
            <line number="299" hits="0" branch="false" />
            <line number="303" hits="0" branch="false" />
            <line number="304" hits="0" branch="false" />
            <line number="305" hits="0" branch="false" />
            <line number="306" hits="0" branch="false" />
            <line number="307" hits="0" branch="false" />
            <line number="308" hits="0" branch="false" />
            <line number="309" hits="0" branch="false" />
            <line number="311" hits="0" branch="false" />
            <line number="312" hits="0" branch="false" />
            <line number="313" hits="0" branch="false" />
            <line number="314" hits="0" branch="false" />
            <line number="315" hits="0" branch="false" />
            <line number="316" hits="0" branch="false" />
            <line number="317" hits="0" branch="false" />
            <line number="318" hits="0" branch="false" />
            <line number="319" hits="0" branch="false" />
            <line number="320" hits="0" branch="false" />
            <line number="321" hits="0" branch="false" />
            <line number="322" hits="0" branch="false" />
            <line number="323" hits="0" branch="false" />
            <line number="324" hits="0" branch="false" />
            <line number="325" hits="0" branch="false" />
            <line number="326" hits="0" branch="false" />
            <line number="327" hits="0" branch="false" />
            <line number="328" hits="0" branch="false" />
            <line number="329" hits="0" branch="false" />
            <line number="330" hits="0" branch="false" />
            <line number="343" hits="0" branch="false" />
            <line number="344" hits="0" branch="false" />
            <line number="345" hits="0" branch="false" />
            <line number="346" hits="0" branch="false" />
            <line number="347" hits="0" branch="false" />
            <line number="348" hits="0" branch="false" />
            <line number="349" hits="0" branch="false" />
            <line number="350" hits="0" branch="false" />
            <line number="351" hits="0" branch="false" />
            <line number="352" hits="0" branch="false" />
            <line number="353" hits="0" branch="false" />
            <line number="354" hits="0" branch="false" />
            <line number="355" hits="0" branch="false" />
            <line number="356" hits="0" branch="false" />
            <line number="379" hits="0" branch="false" />
            <line number="381" hits="0" branch="false" />
            <line number="382" hits="0" branch="false" />
            <line number="383" hits="0" branch="false" />
            <line number="384" hits="0" branch="false" />
            <line number="385" hits="0" branch="false" />
            <line number="386" hits="0" branch="false" />
            <line number="387" hits="0" branch="false" />
            <line number="388" hits="0" branch="false" />
            <line number="389" hits="0" branch="false" />
            <line number="390" hits="0" branch="false" />
            <line number="395" hits="0" branch="false" />
            <line number="396" hits="0" branch="false" />
            <line number="397" hits="0" branch="false" />
            <line number="398" hits="0" branch="false" />
            <line number="399" hits="0" branch="false" />
            <line number="400" hits="0" branch="false" />
            <line number="401" hits="0" branch="false" />
            <line number="402" hits="0" branch="false" />
            <line number="403" hits="0" branch="false" />
            <line number="404" hits="0" branch="false" />
            <line number="405" hits="0" branch="false" />
            <line number="406" hits="0" branch="false" />
            <line number="407" hits="0" branch="false" />
            <line number="408" hits="0" branch="false" />
            <line number="409" hits="0" branch="false" />
            <line number="410" hits="0" branch="false" />
            <line number="411" hits="0" branch="false" />
            <line number="412" hits="0" branch="false" />
            <line number="413" hits="0" branch="false" />
            <line number="414" hits="0" branch="false" />
            <line number="415" hits="0" branch="false" />
            <line number="416" hits="0" branch="false" />
            <line number="417" hits="0" branch="false" />
            <line number="418" hits="0" branch="false" />
            <line number="419" hits="0" branch="false" />
            <line number="420" hits="0" branch="false" />
            <line number="421" hits="0" branch="false" />
            <line number="422" hits="0" branch="false" />
            <line number="423" hits="0" branch="false" />
            <line number="424" hits="0" branch="false" />
            <line number="425" hits="0" branch="false" />
            <line number="426" hits="0" branch="false" />
            <line number="427" hits="0" branch="false" />
            <line number="428" hits="0" branch="false" />
            <line number="429" hits="0" branch="false" />
            <line number="430" hits="0" branch="false" />
            <line number="431" hits="0" branch="false" />
            <line number="433" hits="0" branch="false" />
            <line number="434" hits="0" branch="false" />
            <line number="435" hits="0" branch="false" />
            <line number="436" hits="0" branch="false" />
            <line number="437" hits="0" branch="false" />
            <line number="438" hits="0" branch="false" />
            <line number="439" hits="0" branch="false" />
            <line number="440" hits="0" branch="false" />
            <line number="441" hits="0" branch="false" />
            <line number="442" hits="0" branch="false" />
            <line number="443" hits="0" branch="false" />
            <line number="444" hits="0" branch="false" />
            <line number="445" hits="0" branch="false" />
            <line number="446" hits="0" branch="false" />
            <line number="447" hits="0" branch="false" />
            <line number="448" hits="0" branch="false" />
            <line number="449" hits="0" branch="false" />
            <line number="450" hits="0" branch="false" />
            <line number="455" hits="0" branch="false" />
            <line number="456" hits="0" branch="false" />
            <line number="459" hits="0" branch="false" />
            <line number="465" hits="0" branch="false" />
            <line number="466" hits="0" branch="false" />
            <line number="467" hits="0" branch="false" />
            <line number="468" hits="0" branch="false" />
            <line number="469" hits="0" branch="false" />
            <line number="470" hits="0" branch="false" />
            <line number="471" hits="0" branch="false" />
            <line number="472" hits="0" branch="false" />
            <line number="473" hits="0" branch="false" />
            <line number="474" hits="0" branch="false" />
            <line number="482" hits="0" branch="false" />
            <line number="483" hits="0" branch="false" />
            <line number="484" hits="0" branch="false" />
            <line number="485" hits="0" branch="false" />
            <line number="486" hits="0" branch="false" />
            <line number="487" hits="0" branch="false" />
            <line number="495" hits="0" branch="false" />
            <line number="502" hits="0" branch="false" />
            <line number="504" hits="0" branch="false" />
            <line number="505" hits="0" branch="false" />
            <line number="506" hits="0" branch="false" />
            <line number="507" hits="0" branch="false" />
            <line number="508" hits="0" branch="false" />
            <line number="509" hits="0" branch="false" />
            <line number="510" hits="0" branch="false" />
            <line number="511" hits="0" branch="false" />
            <line number="512" hits="0" branch="false" />
            <line number="513" hits="0" branch="false" />
            <line number="523" hits="0" branch="false" />
            <line number="524" hits="0" branch="false" />
            <line number="525" hits="0" branch="false" />
            <line number="527" hits="0" branch="false" />
            <line number="528" hits="0" branch="false" />
            <line number="529" hits="0" branch="false" />
            <line number="530" hits="0" branch="false" />
            <line number="531" hits="0" branch="false" />
            <line number="532" hits="0" branch="false" />
            <line number="533" hits="0" branch="false" />
            <line number="535" hits="0" branch="false" />
            <line number="536" hits="0" branch="false" />
            <line number="537" hits="0" branch="false" />
            <line number="539" hits="0" branch="false" />
            <line number="540" hits="0" branch="false" />
            <line number="541" hits="0" branch="false" />
            <line number="542" hits="0" branch="false" />
            <line number="543" hits="0" branch="false" />
            <line number="544" hits="0" branch="false" />
            <line number="545" hits="0" branch="false" />
            <line number="546" hits="0" branch="false" />
            <line number="547" hits="0" branch="false" />
            <line number="548" hits="0" branch="false" />
            <line number="558" hits="0" branch="false" />
            <line number="559" hits="0" branch="false" />
            <line number="560" hits="0" branch="false" />
            <line number="561" hits="0" branch="false" />
            <line number="562" hits="0" branch="false" />
            <line number="563" hits="0" branch="false" />
            <line number="564" hits="0" branch="false" />
            <line number="565" hits="0" branch="false" />
            <line number="566" hits="0" branch="false" />
            <line number="567" hits="0" branch="false" />
            <line number="568" hits="0" branch="false" />
            <line number="570" hits="0" branch="false" />
            <line number="571" hits="0" branch="false" />
            <line number="572" hits="0" branch="false" />
            <line number="573" hits="0" branch="false" />
            <line number="574" hits="0" branch="false" />
            <line number="575" hits="0" branch="false" />
            <line number="577" hits="0" branch="false" />
            <line number="578" hits="0" branch="false" />
            <line number="579" hits="0" branch="false" />
            <line number="580" hits="0" branch="false" />
            <line number="581" hits="0" branch="false" />
            <line number="582" hits="0" branch="false" />
            <line number="583" hits="0" branch="false" />
            <line number="584" hits="0" branch="false" />
            <line number="586" hits="0" branch="false" />
            <line number="587" hits="0" branch="false" />
            <line number="588" hits="0" branch="false" />
            <line number="589" hits="0" branch="false" />
            <line number="591" hits="0" branch="false" />
            <line number="592" hits="0" branch="false" />
            <line number="593" hits="0" branch="false" />
            <line number="594" hits="0" branch="false" />
            <line number="595" hits="0" branch="false" />
            <line number="596" hits="0" branch="false" />
            <line number="597" hits="0" branch="false" />
            <line number="598" hits="0" branch="false" />
            <line number="600" hits="0" branch="false" />
            <line number="601" hits="0" branch="false" />
            <line number="602" hits="0" branch="false" />
            <line number="603" hits="0" branch="false" />
            <line number="606" hits="0" branch="false" />
            <line number="607" hits="1" branch="false" />
            <line number="608" hits="1" branch="false" />
            <line number="609" hits="1" branch="false" />
            <line number="612" hits="0" branch="false" />
            <line number="613" hits="0" branch="false" />
            <line number="614" hits="0" branch="false" />
            <line number="615" hits="0" branch="false" />
            <line number="616" hits="0" branch="false" />
            <line number="617" hits="0" branch="false" />
            <line number="618" hits="0" branch="false" />
            <line number="619" hits="0" branch="false" />
            <line number="620" hits="0" branch="false" />
            <line number="621" hits="0" branch="false" />
            <line number="622" hits="0" branch="false" />
            <line number="623" hits="0" branch="false" />
            <line number="624" hits="0" branch="false" />
            <line number="625" hits="0" branch="false" />
            <line number="627" hits="0" branch="false" />
            <line number="629" hits="0" branch="false" />
            <line number="630" hits="0" branch="false" />
            <line number="633" hits="0" branch="false" />
            <line number="634" hits="0" branch="false" />
          </lines>
        </class>
        <class name="caixiao.backend.auth" filename="caixiao/backend/auth.py" branch-rate="0" complexity="0" line-rate="0.574468">
          <methods />
          <lines>
            <line number="1" hits="0" branch="false" />
            <line number="3" hits="0" branch="false" />
            <line number="4" hits="0" branch="false" />
            <line number="5" hits="0" branch="false" />
            <line number="6" hits="0" branch="false" />
            <line number="7" hits="0" branch="false" />
            <line number="8" hits="0" branch="false" />
            <line number="9" hits="0" branch="false" />
            <line number="10" hits="0" branch="false" />
            <line number="13" hits="0" branch="false" />
            <line number="16" hits="0" branch="false" />
            <line number="17" hits="2" branch="false" />
            <line number="18" hits="4" branch="false" />
            <line number="21" hits="4" branch="false" />
            <line number="28" hits="0" branch="false" />
            <line number="29" hits="2" branch="false" />
            <line number="30" hits="2" branch="false" />
            <line number="31" hits="2" branch="false" />
            <line number="32" hits="0" branch="false" />
            <line number="33" hits="2" branch="false" />
            <line number="34" hits="2" branch="false" />
            <line number="35" hits="4" branch="false" />
            <line number="38" hits="2" branch="false" />
            <line number="40" hits="0" branch="false" />
            <line number="43" hits="0" branch="false" />
            <line number="44" hits="8" branch="false" />
            <line number="47" hits="0" branch="false" />
            <line number="48" hits="2" branch="false" />
            <line number="51" hits="0" branch="false" />
            <line number="54" hits="2" branch="false" />
            <line number="55" hits="2" branch="false" />
            <line number="61" hits="2" branch="false" />
            <line number="62" hits="4" branch="false" />
            <line number="65" hits="2" branch="false" />
            <line number="68" hits="0" branch="false" />
            <line number="69" hits="4" branch="false" />
            <line number="70" hits="4" branch="false" />
            <line number="71" hits="8" branch="false" />
            <line number="74" hits="4" branch="false" />
            <line number="75" hits="2" branch="false" />
            <line number="76" hits="2" branch="false" />
            <line number="77" hits="2" branch="false" />
            <line number="78" hits="1" branch="false" />
            <line number="79" hits="1" branch="false" />
            <line number="80" hits="0" branch="false" />
            <line number="81" hits="1" branch="false" />
            <line number="83" hits="0" branch="false" />
          </lines>
        </class>
        <class name="caixiao.backend.config" filename="caixiao/backend/config.py" branch-rate="0" complexity="0" line-rate="0.382353">
          <methods />
          <lines>
            <line number="1" hits="0" branch="false" />
            <line number="3" hits="0" branch="false" />
            <line number="4" hits="0" branch="false" />
            <line number="5" hits="0" branch="false" />
            <line number="6" hits="0" branch="false" />
            <line number="9" hits="0" branch="false" />
            <line number="12" hits="0" branch="false" />
            <line number="13" hits="4" branch="false" />
            <line number="17" hits="0" branch="false" />
            <line number="18" hits="0" branch="false" />
            <line number="19" hits="0" branch="false" />
            <line number="20" hits="0" branch="false" />
            <line number="21" hits="0" branch="false" />
            <line number="22" hits="0" branch="false" />
            <line number="23" hits="0" branch="false" />
            <line number="24" hits="0" branch="false" />
            <line number="25" hits="0" branch="false" />
            <line number="26" hits="0" branch="false" />
            <line number="27" hits="0" branch="false" />
            <line number="30" hits="0" branch="false" />
            <line number="31" hits="1" branch="false" />
            <line number="32" hits="1" branch="false" />
            <line number="33" hits="1" branch="false" />
            <line number="34" hits="0" branch="false" />
            <line number="35" hits="2" branch="false" />
            <line number="60" hits="0" branch="false" />
            <line number="61" hits="6" branch="false" />
            <line number="62" hits="1" branch="false" />
            <line number="63" hits="5" branch="false" />
            <line number="64" hits="1" branch="false" />
            <line number="65" hits="4" branch="false" />
            <line number="66" hits="1" branch="false" />
            <line number="67" hits="3" branch="false" />
            <line number="68" hits="1" branch="false" />
          </lines>
        </class>
        <class name="caixiao.backend.database" filename="caixiao/backend/database.py" branch-rate="0" complexity="0" line-rate="0.529703">
          <methods />
          <lines>
            <line number="1" hits="0" branch="false" />
            <line number="3" hits="0" branch="false" />
            <line number="4" hits="0" branch="false" />
            <line number="5" hits="0" branch="false" />
            <line number="6" hits="0" branch="false" />
            <line number="7" hits="0" branch="false" />
            <line number="8" hits="0" branch="false" />
            <line number="9" hits="0" branch="false" />
            <line number="11" hits="0" branch="false" />
            <line number="14" hits="0" branch="false" />
            <line number="158" hits="0" branch="false" />
            <line number="168" hits="0" branch="false" />
            <line number="169" hits="0" branch="false" />
            <line number="171" hits="0" branch="false" />
            <line number="172" hits="442" branch="false" />
            <line number="173" hits="443" branch="false" />
            <line number="174" hits="0" branch="false" />
            <line number="177" hits="0" branch="false" />
            <line number="178" hits="0" branch="false" />
            <line number="179" hits="20" branch="false" />
            <line number="180" hits="20" branch="false" />
            <line number="181" hits="20" branch="false" />
            <line number="182" hits="20" branch="false" />
            <line number="183" hits="20" branch="false" />
            <line number="184" hits="20" branch="false" />
            <line number="185" hits="20" branch="false" />
            <line number="186" hits="20" branch="false" />
            <line number="188" hits="0" branch="false" />
            <line number="189" hits="0" branch="false" />
            <line number="190" hits="360" branch="false" />
            <line number="194" hits="20" branch="false" />
            <line number="201" hits="120" branch="false" />
            <line number="202" hits="100" branch="false" />
            <line number="203" hits="0" branch="false" />
            <line number="208" hits="0" branch="false" />
            <line number="209" hits="20" branch="false" />
            <line number="212" hits="0" branch="false" />
            <line number="213" hits="1" branch="false" />
            <line number="214" hits="0" branch="false" />
            <line number="215" hits="2" branch="false" />
            <line number="218" hits="1" branch="false" />
            <line number="219" hits="0" branch="false" />
            <line number="220" hits="2" branch="false" />
            <line number="231" hits="1" branch="false" />
            <line number="234" hits="0" branch="false" />
            <line number="235" hits="0" branch="false" />
            <line number="238" hits="0" branch="false" />
            <line number="239" hits="0" branch="false" />
            <line number="240" hits="0" branch="false" />
            <line number="241" hits="0" branch="false" />
            <line number="242" hits="0" branch="false" />
            <line number="243" hits="0" branch="false" />
            <line number="246" hits="0" branch="false" />
            <line number="247" hits="0" branch="false" />
            <line number="251" hits="0" branch="false" />
            <line number="254" hits="0" branch="false" />
            <line number="255" hits="0" branch="false" />
            <line number="260" hits="0" branch="false" />
            <line number="263" hits="0" branch="false" />
            <line number="264" hits="0" branch="false" />
            <line number="268" hits="0" branch="false" />
            <line number="271" hits="0" branch="false" />
            <line number="274" hits="0" branch="false" />
            <line number="275" hits="0" branch="false" />
            <line number="276" hits="0" branch="false" />
            <line number="277" hits="0" branch="false" />
            <line number="278" hits="0" branch="false" />
            <line number="279" hits="0" branch="false" />
            <line number="280" hits="0" branch="false" />
            <line number="281" hits="0" branch="false" />
            <line number="282" hits="0" branch="false" />
            <line number="283" hits="0" branch="false" />
            <line number="284" hits="0" branch="false" />
            <line number="285" hits="0" branch="false" />
            <line number="286" hits="0" branch="false" />
            <line number="287" hits="0" branch="false" />
            <line number="290" hits="0" branch="false" />
            <line number="291" hits="47" branch="false" />
            <line number="292" hits="47" branch="false" />
            <line number="293" hits="47" branch="false" />
            <line number="294" hits="47" branch="false" />
            <line number="297" hits="0" branch="false" />
            <line number="306" hits="102" branch="false" />
            <line number="321" hits="102" branch="false" />
            <line number="325" hits="51" branch="false" />
            <line number="326" hits="51" branch="false" />
            <line number="329" hits="0" branch="false" />
            <line number="339" hits="137" branch="false" />
            <line number="340" hits="44" branch="false" />
            <line number="341" hits="0" branch="false" />
            <line number="342" hits="137" branch="false" />
            <line number="343" hits="88" branch="false" />
            <line number="346" hits="44" branch="false" />
            <line number="347" hits="0" branch="false" />
            <line number="348" hits="137" branch="false" />
            <line number="349" hits="44" branch="false" />
            <line number="350" hits="1" branch="false" />
            <line number="351" hits="133" branch="false" />
            <line number="352" hits="176" branch="false" />
            <line number="362" hits="43" branch="false" />
            <line number="363" hits="43" branch="false" />
            <line number="364" hits="126" branch="false" />
            <line number="365" hits="43" branch="false" />
            <line number="366" hits="43" branch="false" />
            <line number="367" hits="43" branch="false" />
            <line number="368" hits="43" branch="false" />
            <line number="369" hits="80" branch="false" />
            <line number="374" hits="86" branch="false" />
            <line number="395" hits="86" branch="false" />
            <line number="401" hits="86" branch="false" />
            <line number="419" hits="43" branch="false" />
            <line number="422" hits="0" branch="false" />
            <line number="423" hits="1" branch="false" />
            <line number="424" hits="1" branch="false" />
            <line number="425" hits="0" branch="false" />
            <line number="426" hits="1" branch="false" />
            <line number="427" hits="0" branch="false" />
            <line number="428" hits="1" branch="false" />
            <line number="429" hits="1" branch="false" />
            <line number="430" hits="2" branch="false" />
            <line number="435" hits="2" branch="false" />
            <line number="440" hits="2" branch="false" />
            <line number="458" hits="1" branch="false" />
            <line number="461" hits="0" branch="false" />
            <line number="462" hits="248" branch="false" />
            <line number="465" hits="124" branch="false" />
            <line number="466" hits="0" branch="false" />
            <line number="467" hits="124" branch="false" />
            <line number="468" hits="124" branch="false" />
            <line number="469" hits="124" branch="false" />
            <line number="470" hits="124" branch="false" />
            <line number="471" hits="124" branch="false" />
            <line number="472" hits="124" branch="false" />
            <line number="475" hits="0" branch="false" />
            <line number="476" hits="2" branch="false" />
            <line number="479" hits="1" branch="false" />
            <line number="480" hits="3" branch="false" />
            <line number="481" hits="2" branch="false" />
            <line number="482" hits="2" branch="false" />
            <line number="483" hits="2" branch="false" />
            <line number="484" hits="2" branch="false" />
            <line number="485" hits="2" branch="false" />
            <line number="486" hits="2" branch="false" />
            <line number="487" hits="1" branch="false" />
            <line number="490" hits="0" branch="false" />
            <line number="491" hits="12" branch="false" />
            <line number="496" hits="6" branch="false" />
            <line number="499" hits="0" branch="false" />
            <line number="500" hits="262" branch="false" />
            <line number="505" hits="131" branch="false" />
            <line number="508" hits="0" branch="false" />
            <line number="509" hits="8" branch="false" />
            <line number="516" hits="266" branch="false" />
            <line number="517" hits="8" branch="false" />
            <line number="518" hits="0" branch="false" />
            <line number="519" hits="208" branch="false" />
            <line number="524" hits="8" branch="false" />
            <line number="525" hits="16" branch="false" />
            <line number="532" hits="8" branch="false" />
            <line number="535" hits="0" branch="false" />
            <line number="536" hits="5" branch="false" />
            <line number="537" hits="5" branch="false" />
            <line number="538" hits="5" branch="false" />
            <line number="539" hits="0" branch="false" />
            <line number="540" hits="0" branch="false" />
            <line number="541" hits="5" branch="false" />
            <line number="542" hits="17" branch="false" />
            <line number="545" hits="0" branch="false" />
            <line number="546" hits="3" branch="false" />
            <line number="551" hits="76" branch="false" />
            <line number="552" hits="3" branch="false" />
            <line number="553" hits="0" branch="false" />
            <line number="554" hits="45" branch="false" />
            <line number="559" hits="3" branch="false" />
            <line number="560" hits="6" branch="false" />
            <line number="567" hits="3" branch="false" />
            <line number="570" hits="0" branch="false" />
            <line number="571" hits="3" branch="false" />
            <line number="572" hits="3" branch="false" />
            <line number="573" hits="3" branch="false" />
            <line number="574" hits="0" branch="false" />
            <line number="575" hits="0" branch="false" />
            <line number="576" hits="3" branch="false" />
            <line number="577" hits="11" branch="false" />
            <line number="580" hits="0" branch="false" />
            <line number="581" hits="0" branch="false" />
            <line number="593" hits="0" branch="false" />
            <line number="596" hits="0" branch="false" />
            <line number="597" hits="0" branch="false" />
            <line number="600" hits="0" branch="false" />
            <line number="603" hits="0" branch="false" />
            <line number="612" hits="88" branch="false" />
            <line number="617" hits="44" branch="false" />
            <line number="618" hits="0" branch="false" />
            <line number="621" hits="0" branch="false" />
            <line number="622" hits="0" branch="false" />
            <line number="625" hits="0" branch="false" />
            <line number="626" hits="0" branch="false" />
            <line number="627" hits="0" branch="false" />
            <line number="628" hits="0" branch="false" />
            <line number="629" hits="0" branch="false" />
            <line number="630" hits="0" branch="false" />
          </lines>
        </class>
        <class name="caixiao.backend.etl" filename="caixiao/backend/etl.py" branch-rate="0" complexity="0" line-rate="0.546667">
          <methods />
          <lines>
            <line number="1" hits="0" branch="false" />
            <line number="3" hits="0" branch="false" />
            <line number="4" hits="0" branch="false" />
            <line number="5" hits="0" branch="false" />
            <line number="8" hits="0" branch="false" />
            <line number="29" hits="0" branch="false" />
            <line number="32" hits="0" branch="false" />
            <line number="33" hits="4" branch="false" />
            <line number="34" hits="4" branch="false" />
            <line number="36" hits="0" branch="false" />
            <line number="39" hits="0" branch="false" />
            <line number="45" hits="0" branch="false" />
            <line number="46" hits="4" branch="false" />
            <line number="47" hits="4" branch="false" />
            <line number="48" hits="0" branch="false" />
            <line number="49" hits="4" branch="false" />
            <line number="50" hits="2" branch="false" />
            <line number="59" hits="2" branch="false" />
            <line number="60" hits="0" branch="false" />
            <line number="61" hits="2" branch="false" />
            <line number="73" hits="0" branch="false" />
            <line number="78" hits="0" branch="false" />
            <line number="79" hits="42" branch="false" />
            <line number="83" hits="12" branch="false" />
            <line number="84" hits="10" branch="false" />
            <line number="85" hits="10" branch="false" />
            <line number="86" hits="2" branch="false" />
            <line number="91" hits="32" branch="false" />
            <line number="92" hits="2" branch="false" />
            <line number="93" hits="0" branch="false" />
            <line number="94" hits="2" branch="false" />
            <line number="95" hits="2" branch="false" />
            <line number="96" hits="1" branch="false" />
            <line number="97" hits="1" branch="false" />
            <line number="98" hits="1" branch="false" />
            <line number="99" hits="1" branch="false" />
            <line number="100" hits="1" branch="false" />
            <line number="103" hits="0" branch="false" />
            <line number="108" hits="0" branch="false" />
            <line number="112" hits="0" branch="false" />
            <line number="113" hits="0" branch="false" />
            <line number="114" hits="0" branch="false" />
            <line number="115" hits="0" branch="false" />
            <line number="116" hits="0" branch="false" />
            <line number="117" hits="0" branch="false" />
            <line number="118" hits="0" branch="false" />
            <line number="119" hits="0" branch="false" />
            <line number="120" hits="0" branch="false" />
            <line number="121" hits="0" branch="false" />
            <line number="122" hits="0" branch="false" />
            <line number="123" hits="0" branch="false" />
            <line number="124" hits="0" branch="false" />
            <line number="125" hits="0" branch="false" />
            <line number="128" hits="0" branch="false" />
            <line number="132" hits="0" branch="false" />
            <line number="133" hits="2" branch="false" />
            <line number="136" hits="3" branch="false" />
            <line number="137" hits="2" branch="false" />
            <line number="138" hits="2" branch="false" />
            <line number="139" hits="2" branch="false" />
            <line number="140" hits="2" branch="false" />
            <line number="141" hits="1" branch="false" />
            <line number="142" hits="1" branch="false" />
            <line number="143" hits="3" branch="false" />
            <line number="144" hits="2" branch="false" />
            <line number="145" hits="2" branch="false" />
            <line number="146" hits="12" branch="false" />
            <line number="147" hits="0" branch="false" />
            <line number="148" hits="9" branch="false" />
            <line number="149" hits="1" branch="false" />
            <line number="150" hits="3" branch="false" />
            <line number="151" hits="1" branch="false" />
            <line number="152" hits="2" branch="false" />
            <line number="153" hits="4" branch="false" />
            <line number="167" hits="1" branch="false" />
          </lines>
        </class>
        <class name="caixiao.backend.models" filename="caixiao/backend/models.py" branch-rate="0" complexity="0" line-rate="0.000000">
          <methods />
          <lines>
            <line number="1" hits="0" branch="false" />
            <line number="3" hits="0" branch="false" />
            <line number="4" hits="0" branch="false" />
            <line number="5" hits="0" branch="false" />
            <line number="8" hits="0" branch="false" />
            <line number="9" hits="0" branch="false" />
            <line number="10" hits="0" branch="false" />
            <line number="11" hits="0" branch="false" />
            <line number="14" hits="0" branch="false" />
            <line number="15" hits="0" branch="false" />
            <line number="16" hits="0" branch="false" />
            <line number="17" hits="0" branch="false" />
            <line number="20" hits="0" branch="false" />
            <line number="21" hits="0" branch="false" />
            <line number="22" hits="0" branch="false" />
            <line number="25" hits="0" branch="false" />
            <line number="26" hits="0" branch="false" />
            <line number="28" hits="0" branch="false" />
            <line number="29" hits="0" branch="false" />
            <line number="30" hits="0" branch="false" />
            <line number="31" hits="0" branch="false" />
            <line number="34" hits="0" branch="false" />
            <line number="35" hits="0" branch="false" />
            <line number="37" hits="0" branch="false" />
            <line number="38" hits="0" branch="false" />
            <line number="39" hits="0" branch="false" />
            <line number="42" hits="0" branch="false" />
            <line number="53" hits="0" branch="false" />
            <line number="54" hits="0" branch="false" />
            <line number="55" hits="0" branch="false" />
            <line number="56" hits="0" branch="false" />
            <line number="57" hits="0" branch="false" />
            <line number="58" hits="0" branch="false" />
            <line number="59" hits="0" branch="false" />
            <line number="60" hits="0" branch="false" />
            <line number="61" hits="0" branch="false" />
            <line number="62" hits="0" branch="false" />
            <line number="64" hits="0" branch="false" />
            <line number="65" hits="0" branch="false" />
            <line number="78" hits="0" branch="false" />
            <line number="79" hits="0" branch="false" />
          </lines>
        </class>
        <class name="caixiao.backend.pipeline" filename="caixiao/backend/pipeline.py" branch-rate="0" complexity="0" line-rate="0.636364">
          <methods />
          <lines>
            <line number="1" hits="0" branch="false" />
            <line number="3" hits="0" branch="false" />
            <line number="4" hits="0" branch="false" />
            <line number="5" hits="0" branch="false" />
            <line number="6" hits="0" branch="false" />
            <line number="9" hits="0" branch="false" />
            <line number="18" hits="0" branch="false" />
            <line number="21" hits="2" branch="false" />
            <line number="22" hits="2" branch="false" />
            <line number="25" hits="0" branch="false" />
            <line number="28" hits="0" branch="false" />
            <line number="29" hits="4" branch="false" />
            <line number="30" hits="20" branch="false" />
            <line number="31" hits="16" branch="false" />
            <line number="32" hits="24" branch="false" />
            <line number="33" hits="20" branch="false" />
            <line number="34" hits="4" branch="false" />
            <line number="37" hits="0" branch="false" />
            <line number="45" hits="2" branch="false" />
            <line number="46" hits="2" branch="false" />
            <line number="47" hits="2" branch="false" />
            <line number="48" hits="3" branch="false" />
            <line number="49" hits="1" branch="false" />
            <line number="50" hits="1" branch="false" />
            <line number="51" hits="2" branch="false" />
            <line number="66" hits="0" branch="false" />
            <line number="69" hits="0" branch="false" />
            <line number="70" hits="6" branch="false" />
            <line number="71" hits="1" branch="false" />
            <line number="72" hits="5" branch="false" />
            <line number="73" hits="10" branch="false" />
            <line number="74" hits="5" branch="false" />
            <line number="75" hits="5" branch="false" />
            <line number="76" hits="0" branch="false" />
            <line number="77" hits="5" branch="false" />
            <line number="78" hits="5" branch="false" />
            <line number="79" hits="5" branch="false" />
            <line number="81" hits="0" branch="false" />
            <line number="82" hits="5" branch="false" />
            <line number="83" hits="5" branch="false" />
            <line number="86" hits="0" branch="false" />
            <line number="89" hits="1" branch="false" />
            <line number="90" hits="8" branch="false" />
            <line number="96" hits="0" branch="false" />
            <line number="99" hits="3" branch="false" />
            <line number="100" hits="3" branch="false" />
            <line number="101" hits="2" branch="false" />
            <line number="102" hits="2" branch="false" />
            <line number="104" hits="1" branch="false" />
            <line number="105" hits="2" branch="false" />
            <line number="106" hits="2" branch="false" />
            <line number="113" hits="0" branch="false" />
            <line number="114" hits="0" branch="false" />
            <line number="117" hits="0" branch="false" />
            <line number="118" hits="0" branch="false" />
          </lines>
        </class>
        <class name="caixiao.backend.sandbox" filename="caixiao/backend/sandbox.py" branch-rate="0" complexity="0" line-rate="0.791667">
          <methods />
          <lines>
            <line number="1" hits="0" branch="false" />
            <line number="3" hits="0" branch="false" />
            <line number="4" hits="0" branch="false" />
            <line number="7" hits="0" branch="false" />
            <line number="10" hits="0" branch="false" />
            <line number="11" hits="32" branch="false" />
            <line number="12" hits="32" branch="false" />
            <line number="14" hits="0" branch="false" />
            <line number="17" hits="0" branch="false" />
            <line number="18" hits="14" branch="false" />
            <line number="19" hits="34" branch="false" />
            <line number="20" hits="20" branch="false" />
            <line number="21" hits="20" branch="false" />
            <line number="22" hits="47" branch="false" />
            <line number="25" hits="0" branch="false" />
            <line number="32" hits="7" branch="false" />
            <line number="33" hits="7" branch="false" />
            <line number="34" hits="34" branch="false" />
            <line number="41" hits="0" branch="false" />
            <line number="45" hits="1" branch="false" />
            <line number="46" hits="1" branch="false" />
            <line number="47" hits="1" branch="false" />
            <line number="48" hits="3" branch="false" />
            <line number="49" hits="2" branch="false" />
            <line number="50" hits="3" branch="false" />
            <line number="51" hits="2" branch="false" />
            <line number="52" hits="2" branch="false" />
            <line number="53" hits="1" branch="false" />
            <line number="54" hits="1" branch="false" />
            <line number="55" hits="1" branch="false" />
            <line number="56" hits="1" branch="false" />
            <line number="57" hits="4" branch="false" />
            <line number="61" hits="1" branch="false" />
            <line number="62" hits="1" branch="false" />
            <line number="63" hits="1" branch="false" />
            <line number="64" hits="1" branch="false" />
            <line number="86" hits="0" branch="false" />
            <line number="90" hits="2" branch="false" />
            <line number="91" hits="6" branch="false" />
            <line number="92" hits="6" branch="false" />
            <line number="93" hits="6" branch="false" />
            <line number="94" hits="6" branch="false" />
            <line number="95" hits="6" branch="false" />
            <line number="96" hits="6" branch="false" />
            <line number="97" hits="8" branch="false" />
            <line number="102" hits="8" branch="false" />
            <line number="107" hits="7" branch="false" />
            <line number="112" hits="2" branch="false" />
          </lines>
        </class>
        <class name="caixiao.backend.services.__init__" filename="caixiao/backend/services/__init__.py" branch-rate="0" complexity="0" line-rate="0.000000">
          <methods />
          <lines>
            <line number="1" hits="0" branch="false" />
          </lines>
        </class>
        <class name="caixiao.backend.services.metrics" filename="caixiao/backend/services/metrics.py" branch-rate="0" complexity="0" line-rate="0.656250">
          <methods />
          <lines>
            <line number="1" hits="0" branch="false" />
            <line number="3" hits="0" branch="false" />
            <line number="4" hits="0" branch="false" />
            <line number="6" hits="0" branch="false" />
            <line number="7" hits="0" branch="false" />
            <line number="8" hits="0" branch="false" />
            <line number="11" hits="0" branch="false" />
            <line number="24" hits="0" branch="false" />
            <line number="25" hits="35" branch="false" />
            <line number="26" hits="0" branch="false" />
            <line number="27" hits="35" branch="false" />
            <line number="28" hits="74" branch="false" />
            <line number="29" hits="39" branch="false" />
            <line number="30" hits="39" branch="false" />
            <line number="31" hits="35" branch="false" />
            <line number="34" hits="0" branch="false" />
            <line number="35" hits="8" branch="false" />
            <line number="36" hits="4" branch="false" />
            <line number="37" hits="4" branch="false" />
            <line number="38" hits="4" branch="false" />
            <line number="39" hits="4" branch="false" />
            <line number="40" hits="4" branch="false" />
            <line number="42" hits="0" branch="false" />
            <line number="45" hits="0" branch="false" />
            <line number="51" hits="0" branch="false" />
            <line number="52" hits="5" branch="false" />
            <line number="53" hits="0" branch="false" />
            <line number="54" hits="5" branch="false" />
            <line number="55" hits="5" branch="false" />
            <line number="56" hits="2" branch="false" />
            <line number="57" hits="1" branch="false" />
            <line number="58" hits="1" branch="false" />
            <line number="59" hits="3" branch="false" />
            <line number="60" hits="3" branch="false" />
            <line number="61" hits="1" branch="false" />
            <line number="62" hits="2" branch="false" />
            <line number="70" hits="0" branch="false" />
            <line number="71" hits="0" branch="false" />
            <line number="72" hits="12" branch="false" />
            <line number="73" hits="12" branch="false" />
            <line number="76" hits="0" branch="false" />
            <line number="77" hits="0" branch="false" />
            <line number="80" hits="0" branch="false" />
            <line number="81" hits="28" branch="false" />
            <line number="87" hits="28" branch="false" />
            <line number="88" hits="16" branch="false" />
            <line number="89" hits="28" branch="false" />
            <line number="91" hits="0" branch="false" />
            <line number="92" hits="121" branch="false" />
            <line number="93" hits="50" branch="false" />
            <line number="95" hits="0" branch="false" />
            <line number="96" hits="168" branch="false" />
            <line number="97" hits="72" branch="false" />
            <line number="98" hits="11" branch="false" />
            <line number="105" hits="0" branch="false" />
            <line number="106" hits="6" branch="false" />
            <line number="114" hits="0" branch="false" />
            <line number="115" hits="35" branch="false" />
            <line number="120" hits="0" branch="false" />
            <line number="121" hits="5" branch="false" />
            <line number="122" hits="5" branch="false" />
            <line number="123" hits="5" branch="false" />
            <line number="124" hits="5" branch="false" />
            <line number="125" hits="5" branch="false" />
            <line number="126" hits="0" branch="false" />
            <line number="127" hits="5" branch="false" />
            <line number="128" hits="5" branch="false" />
            <line number="129" hits="12" branch="false" />
            <line number="130" hits="7" branch="false" />
            <line number="131" hits="7" branch="false" />
            <line number="132" hits="7" branch="false" />
            <line number="133" hits="7" branch="false" />
            <line number="134" hits="7" branch="false" />
            <line number="135" hits="7" branch="false" />
            <line number="136" hits="0" branch="false" />
            <line number="137" hits="7" branch="false" />
            <line number="138" hits="0" branch="false" />
            <line number="139" hits="7" branch="false" />
            <line number="140" hits="0" branch="false" />
            <line number="141" hits="7" branch="false" />
            <line number="142" hits="0" branch="false" />
            <line number="143" hits="7" branch="false" />
            <line number="144" hits="42" branch="false" />
            <line number="145" hits="1" branch="false" />
            <line number="146" hits="7" branch="false" />
            <line number="147" hits="1" branch="false" />
            <line number="148" hits="7" branch="false" />
            <line number="149" hits="0" branch="false" />
            <line number="150" hits="7" branch="false" />
            <line number="151" hits="2" branch="false" />
            <line number="152" hits="2" branch="false" />
            <line number="153" hits="5" branch="false" />
            <line number="154" hits="1" branch="false" />
            <line number="155" hits="4" branch="false" />
            <line number="156" hits="4" branch="false" />
            <line number="157" hits="4" branch="false" />
            <line number="158" hits="4" branch="false" />
            <line number="159" hits="4" branch="false" />
            <line number="160" hits="4" branch="false" />
            <line number="161" hits="4" branch="false" />
            <line number="162" hits="4" branch="false" />
            <line number="163" hits="4" branch="false" />
            <line number="164" hits="5" branch="false" />
            <line number="166" hits="0" branch="false" />
            <line number="167" hits="7" branch="false" />
            <line number="168" hits="7" branch="false" />
            <line number="169" hits="7" branch="false" />
            <line number="170" hits="28" branch="false" />
            <line number="171" hits="7" branch="false" />
            <line number="172" hits="0" branch="false" />
            <line number="173" hits="7" branch="false" />
            <line number="174" hits="1" branch="false" />
            <line number="175" hits="1" branch="false" />
            <line number="176" hits="6" branch="false" />
            <line number="177" hits="2" branch="false" />
            <line number="178" hits="4" branch="false" />
            <line number="179" hits="4" branch="false" />
            <line number="180" hits="0" branch="false" />
            <line number="181" hits="0" branch="false" />
            <line number="182" hits="4" branch="false" />
            <line number="183" hits="4" branch="false" />
            <line number="184" hits="2" branch="false" />
            <line number="185" hits="2" branch="false" />
            <line number="186" hits="2" branch="false" />
            <line number="187" hits="0" branch="false" />
            <line number="188" hits="2" branch="false" />
            <line number="189" hits="2" branch="false" />
            <line number="190" hits="2" branch="false" />
            <line number="191" hits="5" branch="false" />
            <line number="192" hits="3" branch="false" />
            <line number="193" hits="3" branch="false" />
            <line number="194" hits="0" branch="false" />
            <line number="195" hits="3" branch="false" />
            <line number="196" hits="8" branch="false" />
            <line number="197" hits="2" branch="false" />
            <line number="201" hits="2" branch="false" />
            <line number="203" hits="0" branch="false" />
            <line number="204" hits="3" branch="false" />
            <line number="205" hits="3" branch="false" />
            <line number="206" hits="6" branch="false" />
            <line number="207" hits="3" branch="false" />
            <line number="208" hits="0" branch="false" />
            <line number="209" hits="0" branch="false" />
            <line number="210" hits="3" branch="false" />
            <line number="211" hits="0" branch="false" />
            <line number="212" hits="3" branch="false" />
            <line number="213" hits="3" branch="false" />
            <line number="214" hits="3" branch="false" />
            <line number="215" hits="3" branch="false" />
            <line number="216" hits="3" branch="false" />
            <line number="217" hits="15" branch="false" />
            <line number="218" hits="3" branch="false" />
            <line number="219" hits="0" branch="false" />
            <line number="220" hits="0" branch="false" />
            <line number="221" hits="3" branch="false" />
            <line number="222" hits="3" branch="false" />
            <line number="223" hits="0" branch="false" />
            <line number="224" hits="0" branch="false" />
            <line number="225" hits="3" branch="false" />
            <line number="226" hits="3" branch="false" />
            <line number="227" hits="3" branch="false" />
            <line number="228" hits="3" branch="false" />
            <line number="229" hits="8" branch="false" />
            <line number="230" hits="5" branch="false" />
            <line number="231" hits="5" branch="false" />
            <line number="232" hits="5" branch="false" />
            <line number="233" hits="1" branch="false" />
            <line number="234" hits="1" branch="false" />
            <line number="235" hits="4" branch="false" />
            <line number="236" hits="0" branch="false" />
            <line number="237" hits="0" branch="false" />
            <line number="238" hits="4" branch="false" />
            <line number="239" hits="20" branch="false" />
            <line number="240" hits="0" branch="false" />
            <line number="241" hits="0" branch="false" />
            <line number="242" hits="4" branch="false" />
            <line number="243" hits="4" branch="false" />
            <line number="244" hits="2" branch="false" />
            <line number="245" hits="2" branch="false" />
            <line number="246" hits="2" branch="false" />
            <line number="247" hits="1" branch="false" />
            <line number="248" hits="1" branch="false" />
            <line number="249" hits="3" branch="false" />
            <line number="250" hits="1" branch="false" />
            <line number="251" hits="1" branch="false" />
            <line number="252" hits="8" branch="false" />
            <line number="253" hits="2" branch="false" />
            <line number="254" hits="12" branch="false" />
            <line number="256" hits="0" branch="false" />
            <line number="257" hits="1" branch="false" />
            <line number="258" hits="1" branch="false" />
            <line number="259" hits="1" branch="false" />
            <line number="260" hits="4" branch="false" />
            <line number="261" hits="1" branch="false" />
            <line number="262" hits="0" branch="false" />
            <line number="263" hits="1" branch="false" />
            <line number="264" hits="0" branch="false" />
            <line number="265" hits="0" branch="false" />
            <line number="266" hits="1" branch="false" />
            <line number="267" hits="0" branch="false" />
            <line number="268" hits="1" branch="false" />
            <line number="269" hits="1" branch="false" />
            <line number="270" hits="0" branch="false" />
            <line number="271" hits="0" branch="false" />
            <line number="272" hits="1" branch="false" />
            <line number="273" hits="1" branch="false" />
            <line number="274" hits="0" branch="false" />
            <line number="275" hits="1" branch="false" />
            <line number="276" hits="1" branch="false" />
            <line number="277" hits="0" branch="false" />
            <line number="278" hits="0" branch="false" />
            <line number="279" hits="1" branch="false" />
            <line number="280" hits="1" branch="false" />
            <line number="281" hits="1" branch="false" />
            <line number="282" hits="1" branch="false" />
            <line number="283" hits="1" branch="false" />
            <line number="284" hits="0" branch="false" />
            <line number="286" hits="0" branch="false" />
            <line number="287" hits="0" branch="false" />
            <line number="288" hits="3" branch="false" />
            <line number="289" hits="3" branch="false" />
            <line number="290" hits="1" branch="false" />
            <line number="291" hits="1" branch="false" />
            <line number="292" hits="3" branch="false" />
            <line number="293" hits="6" branch="false" />
            <line number="294" hits="1" branch="false" />
            <line number="295" hits="3" branch="false" />
            <line number="296" hits="1" branch="false" />
            <line number="297" hits="1" branch="false" />
            <line number="299" hits="0" branch="false" />
            <line number="300" hits="0" branch="false" />
            <line number="301" hits="0" branch="false" />
            <line number="302" hits="0" branch="false" />
            <line number="303" hits="0" branch="false" />
            <line number="304" hits="0" branch="false" />
            <line number="305" hits="0" branch="false" />
            <line number="306" hits="0" branch="false" />
            <line number="307" hits="0" branch="false" />
            <line number="308" hits="0" branch="false" />
            <line number="309" hits="0" branch="false" />
            <line number="310" hits="0" branch="false" />
            <line number="311" hits="0" branch="false" />
            <line number="312" hits="0" branch="false" />
            <line number="313" hits="0" branch="false" />
            <line number="315" hits="0" branch="false" />
            <line number="316" hits="0" branch="false" />
            <line number="317" hits="0" branch="false" />
            <line number="319" hits="0" branch="false" />
            <line number="320" hits="0" branch="false" />
            <line number="321" hits="0" branch="false" />
            <line number="322" hits="0" branch="false" />
            <line number="323" hits="0" branch="false" />
            <line number="324" hits="0" branch="false" />
            <line number="325" hits="0" branch="false" />
            <line number="327" hits="0" branch="false" />
            <line number="328" hits="0" branch="false" />
          </lines>
        </class>
        <class name="caixiao.backend.services.review" filename="caixiao/backend/services/review.py" branch-rate="0" complexity="0" line-rate="0.518519">
          <methods />
          <lines>
            <line number="1" hits="0" branch="false" />
            <line number="3" hits="0" branch="false" />
            <line number="5" hits="0" branch="false" />
            <line number="6" hits="0" branch="false" />
            <line number="9" hits="0" branch="false" />
            <line number="10" hits="0" branch="false" />
            <line number="11" hits="20" branch="false" />
            <line number="13" hits="0" branch="false" />
            <line number="23" hits="46" branch="false" />
            <line number="24" hits="46" branch="false" />
            <line number="25" hits="0" branch="false" />
            <line number="26" hits="46" branch="false" />
            <line number="27" hits="1" branch="false" />
            <line number="28" hits="45" branch="false" />
            <line number="29" hits="45" branch="false" />
            <line number="30" hits="0" branch="false" />
            <line number="31" hits="45" branch="false" />
            <line number="32" hits="1" branch="false" />
            <line number="33" hits="88" branch="false" />
            <line number="43" hits="0" branch="false" />
            <line number="44" hits="1" branch="false" />
            <line number="46" hits="0" branch="false" />
            <line number="47" hits="0" branch="false" />
            <line number="48" hits="3" branch="false" />
            <line number="50" hits="0" branch="false" />
            <line number="51" hits="9" branch="false" />
            <line number="56" hits="2" branch="false" />
          </lines>
        </class>
      </classes>
    </package>
  </packages>
</coverage>